TN:
SF:script/DeployNft.s.sol
DA:8,0
FN:8,DeployScript.run
FNDA:0,DeployScript.run
DA:10,0
DA:13,0
DA:15,0
DA:16,0
FNF:1
FNH:0
LF:5
LH:0
BRF:0
BRH:0
end_of_record
TN:
SF:src/ErcNft.sol
DA:11,0
FN:11,QodoToken.constructor
FNDA:0,QodoToken.constructor
DA:12,0
DA:15,0
FN:15,QodoToken.mint
FNDA:0,QodoToken.mint
DA:16,0
DA:19,0
FN:19,QodoToken.burn
FNDA:0,QodoToken.burn
DA:20,0
BRDA:20,0,0,-
BRDA:20,0,1,-
DA:21,0
DA:24,0
FN:24,QodoToken.setBurnLimit
FNDA:0,QodoToken.setBurnLimit
DA:25,0
FNF:4
FNH:0
LF:9
LH:0
BRF:2
BRH:0
end_of_record
TN:
SF:src/Nft.sol
DA:15,5
FN:15,QodoNFT.mint
FNDA:5,QodoNFT.mint
DA:16,5
BRDA:16,0,0,1
BRDA:16,0,1,4
DA:17,4
BRDA:17,1,0,-
BRDA:17,1,1,4
DA:19,4
DA:20,4
DA:22,4
DA:25,2
FN:25,QodoNFT.burn
FNDA:2,QodoNFT.burn
DA:26,2
BRDA:26,2,0,1
BRDA:26,2,1,1
DA:27,1
DA:30,1
FN:30,QodoNFT.withdraw
FNDA:1,QodoNFT.withdraw
DA:31,1
FNF:3
FNH:3
LF:11
LH:11
BRF:6
BRH:5
end_of_record
